

Started GET "/" for 127.0.0.1 at 2015-09-02 12:10:40 -0700
Processing by Rails::WelcomeController#index as HTML
  Rendered /home/evo2015/.rvm/gems/ruby-2.2.0/gems/railties-4.2.1/lib/rails/templates/rails/welcome/index.html.erb (9.0ms)
Completed 200 OK in 181ms (Views: 142.6ms | ActiveRecord: 0.0ms)
  [1m[36m (218.6ms)[0m  [1mCREATE TABLE "schema_migrations" ("version" varchar NOT NULL) [0m
  [1m[35m (0.1ms)[0m  select sqlite_version(*)
  [1m[36m (253.0ms)[0m  [1mCREATE UNIQUE INDEX "unique_schema_migrations" ON "schema_migrations" ("version")[0m
  [1m[35mActiveRecord::SchemaMigration Load (0.2ms)[0m  SELECT "schema_migrations".* FROM "schema_migrations"
Migrating to CreateUsers (20150902191156)
  [1m[36m (0.1ms)[0m  [1mbegin transaction[0m
  [1m[35m (0.5ms)[0m  CREATE TABLE "users" ("id" INTEGER PRIMARY KEY AUTOINCREMENT NOT NULL, "name" varchar, "email" varchar, "created_at" datetime NOT NULL, "updated_at" datetime NOT NULL) 
  [1m[36mSQL (3.8ms)[0m  [1mINSERT INTO "schema_migrations" ("version") VALUES (?)[0m  [["version", "20150902191156"]]
  [1m[35m (296.9ms)[0m  commit transaction
  [1m[36mActiveRecord::SchemaMigration Load (0.1ms)[0m  [1mSELECT "schema_migrations".* FROM "schema_migrations"[0m


Started GET "/" for 127.0.0.1 at 2015-09-02 12:16:32 -0700
  [1m[36mActiveRecord::SchemaMigration Load (0.1ms)[0m  [1mSELECT "schema_migrations".* FROM "schema_migrations"[0m
Processing by Rails::WelcomeController#index as HTML
  Rendered /home/evo2015/.rvm/gems/ruby-2.2.0/gems/railties-4.2.1/lib/rails/templates/rails/welcome/index.html.erb (0.1ms)
Completed 200 OK in 7ms (Views: 5.3ms | ActiveRecord: 0.0ms)


Started GET "/users" for 127.0.0.1 at 2015-09-02 12:16:39 -0700
Processing by UsersController#index as HTML
  [1m[35mUser Load (0.2ms)[0m  SELECT "users".* FROM "users"
  Rendered users/index.html.erb within layouts/application (2.9ms)
Completed 200 OK in 3237ms (Views: 3233.4ms | ActiveRecord: 0.3ms)


Started GET "/assets/scaffolds.self-65f5f7a016f82b0bb45c0495fc7c7eca0b3c68c41ebcdf6d127ac019f6d1089d.css?body=1" for 127.0.0.1 at 2015-09-02 12:16:42 -0700


Started GET "/assets/users.self-e3b0c44298fc1c149afbf4c8996fb92427ae41e4649b934ca495991b7852b855.css?body=1" for 127.0.0.1 at 2015-09-02 12:16:42 -0700


Started GET "/assets/users.self-877aef30ae1b040ab8a3aba4e3e309a11d7f2612f44dde450b5c157aa5f95c05.js?body=1" for 127.0.0.1 at 2015-09-02 12:16:42 -0700


Started GET "/users/new" for 127.0.0.1 at 2015-09-02 12:19:54 -0700
Processing by UsersController#new as HTML
  Rendered users/_form.html.erb (128.3ms)
  Rendered users/new.html.erb within layouts/application (163.2ms)
Completed 200 OK in 263ms (Views: 255.8ms | ActiveRecord: 0.3ms)


Started POST "/users" for 127.0.0.1 at 2015-09-02 12:20:14 -0700
Processing by UsersController#create as HTML
  Parameters: {"utf8"=>"✓", "authenticity_token"=>"jHQjF03pXzzYyOUGK0MG6mDI6Oj7H09KCs8vJhloAVAk5tk9GY20cnjwQi4tUJmAjPWc8UuZDcz0MO18oma5rw==", "user"=>{"name"=>"Salvatore Roman", "email"=>"sal@yahoo.com"}, "commit"=>"Create User"}
  [1m[36m (0.1ms)[0m  [1mbegin transaction[0m
  [1m[35mSQL (0.4ms)[0m  INSERT INTO "users" ("name", "email", "created_at", "updated_at") VALUES (?, ?, ?, ?)  [["name", "Salvatore Roman"], ["email", "sal@yahoo.com"], ["created_at", "2015-09-02 19:20:14.131085"], ["updated_at", "2015-09-02 19:20:14.131085"]]
  [1m[36m (404.3ms)[0m  [1mcommit transaction[0m
Redirected to http://localhost:3000/users/1
Completed 302 Found in 423ms (ActiveRecord: 404.8ms)


Started GET "/users/1" for 127.0.0.1 at 2015-09-02 12:20:14 -0700
Processing by UsersController#show as HTML
  Parameters: {"id"=>"1"}
  [1m[35mUser Load (0.2ms)[0m  SELECT  "users".* FROM "users" WHERE "users"."id" = ? LIMIT 1  [["id", 1]]
  Rendered users/show.html.erb within layouts/application (0.8ms)
Completed 200 OK in 167ms (Views: 99.4ms | ActiveRecord: 0.2ms)


Started GET "/users" for 127.0.0.1 at 2015-09-02 12:20:19 -0700
Processing by UsersController#index as HTML
  [1m[36mUser Load (0.2ms)[0m  [1mSELECT "users".* FROM "users"[0m
  Rendered users/index.html.erb within layouts/application (1.9ms)
Completed 200 OK in 75ms (Views: 74.6ms | ActiveRecord: 0.2ms)


Started GET "/users/new" for 127.0.0.1 at 2015-09-02 12:20:21 -0700
Processing by UsersController#new as HTML
  Rendered users/_form.html.erb (2.7ms)
  Rendered users/new.html.erb within layouts/application (3.3ms)
Completed 200 OK in 82ms (Views: 81.6ms | ActiveRecord: 0.0ms)


Started POST "/users" for 127.0.0.1 at 2015-09-02 12:20:41 -0700
Processing by UsersController#create as HTML
  Parameters: {"utf8"=>"✓", "authenticity_token"=>"w27PO2o/z8+gXHEZuT9ibSjvfwpUHlkK8XQ++OotePxr/DURPlskgQBk1jG/LP0HxNILE+SYG4wPi/yiUSPAAw==", "user"=>{"name"=>"Gidget Thorne", "email"=>"gidget@google.com"}, "commit"=>"Create User"}
  [1m[35m (0.1ms)[0m  begin transaction
  [1m[36mSQL (1.4ms)[0m  [1mINSERT INTO "users" ("name", "email", "created_at", "updated_at") VALUES (?, ?, ?, ?)[0m  [["name", "Gidget Thorne"], ["email", "gidget@google.com"], ["created_at", "2015-09-02 19:20:41.133603"], ["updated_at", "2015-09-02 19:20:41.133603"]]
  [1m[35m (619.3ms)[0m  commit transaction
Redirected to http://localhost:3000/users/2
Completed 302 Found in 629ms (ActiveRecord: 620.8ms)


Started GET "/users/2" for 127.0.0.1 at 2015-09-02 12:20:41 -0700
Processing by UsersController#show as HTML
  Parameters: {"id"=>"2"}
  [1m[36mUser Load (0.1ms)[0m  [1mSELECT  "users".* FROM "users" WHERE "users"."id" = ? LIMIT 1[0m  [["id", 2]]
  Rendered users/show.html.erb within layouts/application (0.5ms)
Completed 200 OK in 101ms (Views: 99.6ms | ActiveRecord: 0.1ms)


Started GET "/users" for 127.0.0.1 at 2015-09-02 12:20:44 -0700
Processing by UsersController#index as HTML
  [1m[35mUser Load (0.2ms)[0m  SELECT "users".* FROM "users"
  Rendered users/index.html.erb within layouts/application (2.5ms)
Completed 200 OK in 82ms (Views: 81.4ms | ActiveRecord: 0.2ms)


Started GET "/users/new" for 127.0.0.1 at 2015-09-02 12:20:46 -0700
Processing by UsersController#new as HTML
  Rendered users/_form.html.erb (1.6ms)
  Rendered users/new.html.erb within layouts/application (2.3ms)
Completed 200 OK in 87ms (Views: 85.2ms | ActiveRecord: 0.0ms)


Started POST "/users" for 127.0.0.1 at 2015-09-02 12:21:29 -0700
Processing by UsersController#create as HTML
  Parameters: {"utf8"=>"✓", "authenticity_token"=>"ExjQY5Hq7Pva+qHpVogDVK74mGJ9ot/iqZl8o26ZTna7iipJxY4HtXrCBsFQm5w+QsXse80knWRXZr751Zf2iQ==", "user"=>{"name"=>"Petr D'Estaing", "email"=>"petr@hotmail.com"}, "commit"=>"Create User"}
  [1m[36m (0.2ms)[0m  [1mbegin transaction[0m
  [1m[35mSQL (1.6ms)[0m  INSERT INTO "users" ("name", "email", "created_at", "updated_at") VALUES (?, ?, ?, ?)  [["name", "Petr D'Estaing"], ["email", "petr@hotmail.com"], ["created_at", "2015-09-02 19:21:29.879084"], ["updated_at", "2015-09-02 19:21:29.879084"]]
  [1m[36m (560.0ms)[0m  [1mcommit transaction[0m
Redirected to http://localhost:3000/users/3
Completed 302 Found in 590ms (ActiveRecord: 561.9ms)


Started GET "/users/3" for 127.0.0.1 at 2015-09-02 12:21:30 -0700
Processing by UsersController#show as HTML
  Parameters: {"id"=>"3"}
  [1m[35mUser Load (0.4ms)[0m  SELECT  "users".* FROM "users" WHERE "users"."id" = ? LIMIT 1  [["id", 3]]
  Rendered users/show.html.erb within layouts/application (0.4ms)
Completed 200 OK in 112ms (Views: 107.9ms | ActiveRecord: 0.4ms)


Started GET "/users" for 127.0.0.1 at 2015-09-02 12:21:32 -0700
Processing by UsersController#index as HTML
  [1m[36mUser Load (0.4ms)[0m  [1mSELECT "users".* FROM "users"[0m
  Rendered users/index.html.erb within layouts/application (6.4ms)
Completed 200 OK in 92ms (Views: 91.0ms | ActiveRecord: 0.4ms)


Started GET "/users/2/edit" for 127.0.0.1 at 2015-09-02 12:22:06 -0700
Processing by UsersController#edit as HTML
  Parameters: {"id"=>"2"}
  [1m[35mUser Load (0.1ms)[0m  SELECT  "users".* FROM "users" WHERE "users"."id" = ? LIMIT 1  [["id", 2]]
  Rendered users/_form.html.erb (1.6ms)
  Rendered users/edit.html.erb within layouts/application (3.1ms)
Completed 200 OK in 86ms (Views: 85.2ms | ActiveRecord: 0.1ms)


Started PATCH "/users/2" for 127.0.0.1 at 2015-09-02 12:22:13 -0700
Processing by UsersController#update as HTML
  Parameters: {"utf8"=>"✓", "authenticity_token"=>"BhIOIXb7TYn4EAHSfoCnxqzjrBDPzHlhhQsT1JUh6GuugPQLIp+mx1gopvp4kzisQN7YCX9KO+d79NGOLi9QlA==", "user"=>{"name"=>"Gidget Thorncastle", "email"=>"gidget@google.com"}, "commit"=>"Update User", "id"=>"2"}
  [1m[36mUser Load (0.1ms)[0m  [1mSELECT  "users".* FROM "users" WHERE "users"."id" = ? LIMIT 1[0m  [["id", 2]]
  [1m[35m (0.1ms)[0m  begin transaction
  [1m[36mSQL (0.5ms)[0m  [1mUPDATE "users" SET "name" = ?, "updated_at" = ? WHERE "users"."id" = ?[0m  [["name", "Gidget Thorncastle"], ["updated_at", "2015-09-02 19:22:13.437977"], ["id", 2]]
  [1m[35m (494.1ms)[0m  commit transaction
Redirected to http://localhost:3000/users/2
Completed 302 Found in 507ms (ActiveRecord: 494.8ms)


Started GET "/users/2" for 127.0.0.1 at 2015-09-02 12:22:13 -0700
Processing by UsersController#show as HTML
  Parameters: {"id"=>"2"}
  [1m[36mUser Load (0.1ms)[0m  [1mSELECT  "users".* FROM "users" WHERE "users"."id" = ? LIMIT 1[0m  [["id", 2]]
  Rendered users/show.html.erb within layouts/application (4.7ms)
Completed 200 OK in 100ms (Views: 98.1ms | ActiveRecord: 0.1ms)


Started GET "/users" for 127.0.0.1 at 2015-09-02 12:22:15 -0700
Processing by UsersController#index as HTML
  [1m[35mUser Load (0.2ms)[0m  SELECT "users".* FROM "users"
  Rendered users/index.html.erb within layouts/application (2.9ms)
Completed 200 OK in 81ms (Views: 79.9ms | ActiveRecord: 0.2ms)
  [1m[36mActiveRecord::SchemaMigration Load (0.1ms)[0m  [1mSELECT "schema_migrations".* FROM "schema_migrations"[0m
Migrating to CreatePosts (20150906194713)
  [1m[35m (0.1ms)[0m  begin transaction
  [1m[36m (0.7ms)[0m  [1mCREATE TABLE "posts" ("id" INTEGER PRIMARY KEY AUTOINCREMENT NOT NULL, "title" varchar, "comment" text, "created_at" datetime NOT NULL, "updated_at" datetime NOT NULL) [0m
  [1m[35mSQL (0.3ms)[0m  INSERT INTO "schema_migrations" ("version") VALUES (?)  [["version", "20150906194713"]]
  [1m[36m (214.0ms)[0m  [1mcommit transaction[0m
  [1m[35mActiveRecord::SchemaMigration Load (0.1ms)[0m  SELECT "schema_migrations".* FROM "schema_migrations"
  [1m[36mActiveRecord::SchemaMigration Load (0.1ms)[0m  [1mSELECT "schema_migrations".* FROM "schema_migrations"[0m
Migrating to CreateGroups (20150906194805)
  [1m[35m (0.1ms)[0m  begin transaction
  [1m[36m (0.4ms)[0m  [1mCREATE TABLE "groups" ("id" INTEGER PRIMARY KEY AUTOINCREMENT NOT NULL, "mascot" varchar, "created_at" datetime NOT NULL, "updated_at" datetime NOT NULL) [0m
  [1m[35mSQL (0.3ms)[0m  INSERT INTO "schema_migrations" ("version") VALUES (?)  [["version", "20150906194805"]]
  [1m[36m (329.1ms)[0m  [1mcommit transaction[0m
  [1m[35mActiveRecord::SchemaMigration Load (5.1ms)[0m  SELECT "schema_migrations".* FROM "schema_migrations"
